# JRE version: OpenJDK Runtime Environment (8.0_222-b10) (build 1.8.0_222-8u222-b10-1ubuntu1~18.04.1-b10)
# Java VM: OpenJDK 64-Bit Server VM (25.222-b10 mixed mode linux-amd64 compressed oops)
Heap:
 PSYoungGen      total 212992K, used 15610K [0x00000000d7d80000, 0x00000000e5e80000, 0x0000000100000000)
  eden space 196608K, 0% used [0x00000000d7d80000,0x00000000d7d80000,0x00000000e3d80000)
  from space 16384K, 95% used [0x00000000e3d80000,0x00000000e4cbe988,0x00000000e4d80000)
  to   space 11264K, 0% used [0x00000000e4d80000,0x00000000e4d80000,0x00000000e5880000)
 ParOldGen       total 54272K, used 16659K [0x0000000087800000, 0x000000008ad00000, 0x00000000d7d80000)
  object space 54272K, 30% used [0x0000000087800000,0x0000000088844d28,0x000000008ad00000)
 Metaspace       used 33688K, capacity 35360K, committed 35496K, reserved 1079296K
  class space    used 4390K, capacity 4713K, committed 4784K, reserved 1048576K
GC Heap History (10 events):
Event: 1,148 GC heap after
Heap after GC invocations=3 (full 0):
 PSYoungGen      total 67584K, used 5094K [0x00000000d7d80000, 0x00000000e0180000, 0x0000000100000000)
  eden space 62464K, 0% used [0x00000000d7d80000,0x00000000d7d80000,0x00000000dba80000)
  from space 5120K, 99% used [0x00000000dba80000,0x00000000dbf79938,0x00000000dbf80000)
  to   space 5120K, 0% used [0x00000000dfc80000,0x00000000dfc80000,0x00000000e0180000)
 ParOldGen       total 83456K, used 4597K [0x0000000087800000, 0x000000008c980000, 0x00000000d7d80000)
  object space 83456K, 5% used [0x0000000087800000,0x0000000087c7d410,0x000000008c980000)
 Metaspace       used 17551K, capacity 17962K, committed 18048K, reserved 1064960K
  class space    used 2252K, capacity 2394K, committed 2432K, reserved 1048576K
}
Event: 1,278 GC heap before
{Heap before GC invocations=4 (full 0):
 PSYoungGen      total 67584K, used 26037K [0x00000000d7d80000, 0x00000000e0180000, 0x0000000100000000)
  eden space 62464K, 33% used [0x00000000d7d80000,0x00000000d91f3b18,0x00000000dba80000)
  from space 5120K, 99% used [0x00000000dba80000,0x00000000dbf79938,0x00000000dbf80000)
  to   space 5120K, 0% used [0x00000000dfc80000,0x00000000dfc80000,0x00000000e0180000)
 ParOldGen       total 83456K, used 4597K [0x0000000087800000, 0x000000008c980000, 0x00000000d7d80000)
  object space 83456K, 5% used [0x0000000087800000,0x0000000087c7d410,0x000000008c980000)
 Metaspace       used 20716K, capacity 21256K, committed 21296K, reserved 1067008K
  class space    used 2656K, capacity 2839K, committed 2864K, reserved 1048576K
Event: 1,284 GC heap after
Heap after GC invocations=4 (full 0):
 PSYoungGen      total 130048K, used 5088K [0x00000000d7d80000, 0x00000000e0180000, 0x0000000100000000)
  eden space 124928K, 0% used [0x00000000d7d80000,0x00000000d7d80000,0x00000000df780000)
  from space 5120K, 99% used [0x00000000dfc80000,0x00000000e0178050,0x00000000e0180000)
  to   space 5120K, 0% used [0x00000000df780000,0x00000000df780000,0x00000000dfc80000)
 ParOldGen       total 83456K, used 6754K [0x0000000087800000, 0x000000008c980000, 0x00000000d7d80000)
  object space 83456K, 8% used [0x0000000087800000,0x0000000087e98a58,0x000000008c980000)
 Metaspace       used 20716K, capacity 21256K, committed 21296K, reserved 1067008K
  class space    used 2656K, capacity 2839K, committed 2864K, reserved 1048576K
}
Event: 1,284 GC heap before
{Heap before GC invocations=5 (full 1):
 PSYoungGen      total 130048K, used 5088K [0x00000000d7d80000, 0x00000000e0180000, 0x0000000100000000)
  eden space 124928K, 0% used [0x00000000d7d80000,0x00000000d7d80000,0x00000000df780000)
  from space 5120K, 99% used [0x00000000dfc80000,0x00000000e0178050,0x00000000e0180000)
  to   space 5120K, 0% used [0x00000000df780000,0x00000000df780000,0x00000000dfc80000)
 ParOldGen       total 83456K, used 6754K [0x0000000087800000, 0x000000008c980000, 0x00000000d7d80000)
  object space 83456K, 8% used [0x0000000087800000,0x0000000087e98a58,0x000000008c980000)
 Metaspace       used 20716K, capacity 21256K, committed 21296K, reserved 1067008K
  class space    used 2656K, capacity 2839K, committed 2864K, reserved 1048576K
Event: 1,311 GC heap after
Heap after GC invocations=5 (full 1):
 PSYoungGen      total 130048K, used 0K [0x00000000d7d80000, 0x00000000e0180000, 0x0000000100000000)
  eden space 124928K, 0% used [0x00000000d7d80000,0x00000000d7d80000,0x00000000df780000)
  from space 5120K, 0% used [0x00000000dfc80000,0x00000000dfc80000,0x00000000e0180000)
  to   space 5120K, 0% used [0x00000000df780000,0x00000000df780000,0x00000000dfc80000)
 ParOldGen       total 54272K, used 7118K [0x0000000087800000, 0x000000008ad00000, 0x00000000d7d80000)
  object space 54272K, 13% used [0x0000000087800000,0x0000000087ef3b40,0x000000008ad00000)
 Metaspace       used 20715K, capacity 21250K, committed 21296K, reserved 1067008K
  class space    used 2655K, capacity 2838K, committed 2864K, reserved 1048576K
}
Event: 1,781 GC heap before
{Heap before GC invocations=6 (full 1):
 PSYoungGen      total 130048K, used 124928K [0x00000000d7d80000, 0x00000000e0180000, 0x0000000100000000)
  eden space 124928K, 100% used [0x00000000d7d80000,0x00000000df780000,0x00000000df780000)
  from space 5120K, 0% used [0x00000000dfc80000,0x00000000dfc80000,0x00000000e0180000)
  to   space 5120K, 0% used [0x00000000df780000,0x00000000df780000,0x00000000dfc80000)
 ParOldGen       total 54272K, used 7118K [0x0000000087800000, 0x000000008ad00000, 0x00000000d7d80000)
  object space 54272K, 13% used [0x0000000087800000,0x0000000087ef3b40,0x000000008ad00000)
 Metaspace       used 23056K, capacity 23812K, committed 23984K, reserved 1071104K
  class space    used 2999K, capacity 3202K, committed 3248K, reserved 1048576K
Event: 1,789 GC heap after
Heap after GC invocations=6 (full 1):
 PSYoungGen      total 130048K, used 5116K [0x00000000d7d80000, 0x00000000e5880000, 0x0000000100000000)
  eden space 124928K, 0% used [0x00000000d7d80000,0x00000000d7d80000,0x00000000df780000)
  from space 5120K, 99% used [0x00000000df780000,0x00000000dfc7f118,0x00000000dfc80000)
  to   space 11264K, 0% used [0x00000000e4d80000,0x00000000e4d80000,0x00000000e5880000)
 ParOldGen       total 54272K, used 10720K [0x0000000087800000, 0x000000008ad00000, 0x00000000d7d80000)
  object space 54272K, 19% used [0x0000000087800000,0x0000000088278340,0x000000008ad00000)
 Metaspace       used 23056K, capacity 23812K, committed 23984K, reserved 1071104K
  class space    used 2999K, capacity 3202K, committed 3248K, reserved 1048576K
}
Event: 2,981 GC heap before
{Heap before GC invocations=7 (full 1):
 PSYoungGen      total 130048K, used 130044K [0x00000000d7d80000, 0x00000000e5880000, 0x0000000100000000)
  eden space 124928K, 100% used [0x00000000d7d80000,0x00000000df780000,0x00000000df780000)
  from space 5120K, 99% used [0x00000000df780000,0x00000000dfc7f118,0x00000000dfc80000)
  to   space 11264K, 0% used [0x00000000e4d80000,0x00000000e4d80000,0x00000000e5880000)
 ParOldGen       total 54272K, used 10720K [0x0000000087800000, 0x000000008ad00000, 0x00000000d7d80000)
  object space 54272K, 19% used [0x0000000087800000,0x0000000088278340,0x000000008ad00000)
 Metaspace       used 29944K, capacity 31480K, committed 31792K, reserved 1077248K
  class space    used 3976K, capacity 4287K, committed 4400K, reserved 1048576K
Event: 3,001 GC heap after
Heap after GC invocations=7 (full 1):
 PSYoungGen      total 207872K, used 11257K [0x00000000d7d80000, 0x00000000e5e80000, 0x0000000100000000)
  eden space 196608K, 0% used [0x00000000d7d80000,0x00000000d7d80000,0x00000000e3d80000)
  from space 11264K, 99% used [0x00000000e4d80000,0x00000000e587e510,0x00000000e5880000)
  to   space 16384K, 0% used [0x00000000e3d80000,0x00000000e3d80000,0x00000000e4d80000)
 ParOldGen       total 54272K, used 16651K [0x0000000087800000, 0x000000008ad00000, 0x00000000d7d80000)
  object space 54272K, 30% used [0x0000000087800000,0x0000000088842d28,0x000000008ad00000)
 Metaspace       used 29944K, capacity 31480K, committed 31792K, reserved 1077248K
  class space    used 3976K, capacity 4287K, committed 4400K, reserved 1048576K
}
Event: 3,651 GC heap before
{Heap before GC invocations=8 (full 1):
 PSYoungGen      total 207872K, used 120116K [0x00000000d7d80000, 0x00000000e5e80000, 0x0000000100000000)
  eden space 196608K, 55% used [0x00000000d7d80000,0x00000000de7ceb18,0x00000000e3d80000)
  from space 11264K, 99% used [0x00000000e4d80000,0x00000000e587e510,0x00000000e5880000)
  to   space 16384K, 0% used [0x00000000e3d80000,0x00000000e3d80000,0x00000000e4d80000)
 ParOldGen       total 54272K, used 16651K [0x0000000087800000, 0x000000008ad00000, 0x00000000d7d80000)
  object space 54272K, 30% used [0x0000000087800000,0x0000000088842d28,0x000000008ad00000)
 Metaspace       used 33688K, capacity 35360K, committed 35496K, reserved 1079296K
  class space    used 4390K, capacity 4713K, committed 4784K, reserved 1048576K

